<?xml version="1.0" encoding="UTF-8"?>
<testsuite name="com.infopulse.dao.StudentsPrepearedStatementDAOTest" tests="1" skipped="0" failures="0" errors="0" timestamp="2018-11-01T10:31:12" hostname="kv-po-antfesenkonb" time="0.017">
  <properties/>
  <testcase name="testPrepearedStatement" classname="com.infopulse.dao.StudentsPrepearedStatementDAOTest" time="0.017"/>
  <system-out><![CDATA[]]></system-out>
  <system-err><![CDATA[]]></system-err>
</testsuite>
