<?xml version="1.0" encoding="UTF-8"?>
<testsuite name="com.infopulse.dao.StudentsStatementDAOTest" tests="1" skipped="0" failures="0" errors="0" timestamp="2018-11-01T10:31:12" hostname="kv-po-antfesenkonb" time="0.004">
  <properties/>
  <testcase name="testStudentsCallableStatement" classname="com.infopulse.dao.StudentsStatementDAOTest" time="0.004"/>
  <system-out><![CDATA[]]></system-out>
  <system-err><![CDATA[]]></system-err>
</testsuite>
